This is pdfTeX, Version 3.14159265-2.6-1.40.20 (MiKTeX 2.9.7000 64-bit) (preloaded format=pdflatex 2019.6.25)  8 OCT 2021 13:34
entering extended mode
**C:/Users/jwambaug/git/httk/httk/.Rd2pdf18972/Rd2.tex
(C:/Users/jwambaug/git/httk/httk/.Rd2pdf18972/Rd2.tex
LaTeX2e <2018-12-01>
("C:\Program Files\MiKTeX 2.9\tex/latex/base\book.cls"
Document Class: book 2018/09/03 v1.4i Standard LaTeX document class
("C:\Program Files\MiKTeX 2.9\tex/latex/base\bk10.clo"
File: bk10.clo 2018/09/03 v1.4i Standard LaTeX file (size option)
)
\c@part=\count80
\c@chapter=\count81
\c@section=\count82
\c@subsection=\count83
\c@subsubsection=\count84
\c@paragraph=\count85
\c@subparagraph=\count86
\c@figure=\count87
\c@table=\count88
\abovecaptionskip=\skip41
\belowcaptionskip=\skip42
\bibindent=\dimen102
)
(C:/PROGRA~1/R/R-devel/share/texmf/tex/latex\Rd.sty
Package: Rd 

("C:\Program Files\MiKTeX 2.9\tex/latex/base\ifthen.sty"
Package: ifthen 2014/09/29 v1.1c Standard LaTeX ifthen package (DPC)
)
("C:\Program Files\MiKTeX 2.9\tex/latex/tools\longtable.sty"
Package: longtable 2014/10/28 v4.11 Multi-page Table package (DPC)+ FMi change
\LTleft=\skip43
\LTright=\skip44
\LTpre=\skip45
\LTpost=\skip46
\LTchunksize=\count89
\LTcapwidth=\dimen103
\LT@head=\box27
\LT@firsthead=\box28
\LT@foot=\box29
\LT@lastfoot=\box30
\LT@cols=\count90
\LT@rows=\count91
\c@LT@tables=\count92
\c@LT@chunks=\count93
\LT@p@ftn=\toks14
)
("C:\Program Files\MiKTeX 2.9\tex/latex/tools\bm.sty"
Package: bm 2017/01/16 v1.2c Bold Symbol Support (DPC/FMi)
\symboldoperators=\mathgroup4
\symboldletters=\mathgroup5
\symboldsymbols=\mathgroup6
LaTeX Font Info:    Redeclaring math alphabet \mathbf on input line 141.
LaTeX Info: Redefining \bm on input line 207.
)
("C:\Program Files\MiKTeX 2.9\tex/latex/base\alltt.sty"
Package: alltt 1997/06/16 v2.0g defines alltt environment
)
("C:\Program Files\MiKTeX 2.9\tex/latex/tools\verbatim.sty"
Package: verbatim 2014/10/28 v1.5q LaTeX2e package for verbatim enhancements
\every@verbatim=\toks15
\verbatim@line=\toks16
\verbatim@in@stream=\read1
)
(C:\Users\jwambaug\AppData\Roaming\MiKTeX\2.9\tex/latex/url\url.sty
\Urlmuskip=\muskip10
Package: url 2013/09/16  ver 3.4  Verb mode for urls, etc.
)
("C:\Program Files\MiKTeX 2.9\tex/latex/base\textcomp.sty"
Package: textcomp 2018/08/11 v2.0j Standard LaTeX package
Package textcomp Info: Sub-encoding information:
(textcomp)               5 = only ISO-Adobe without \textcurrency
(textcomp)               4 = 5 + \texteuro
(textcomp)               3 = 4 + \textohm
(textcomp)               2 = 3 + \textestimated + \textcurrency
(textcomp)               1 = TS1 - \textcircled - \t
(textcomp)               0 = TS1 (full)
(textcomp)             Font families with sub-encoding setting implement
(textcomp)             only a restricted character set as indicated.
(textcomp)             Family '?' is the default used for unknown fonts.
(textcomp)             See the documentation for details.
Package textcomp Info: Setting ? sub-encoding to TS1/1 on input line 79.

("C:\Program Files\MiKTeX 2.9\tex/latex/base\ts1enc.def"
File: ts1enc.def 2001/06/05 v3.0e (jk/car/fm) Standard LaTeX file
Now handling font encoding TS1 ...
... processing UTF-8 mapping file for font encoding TS1

("C:\Program Files\MiKTeX 2.9\tex/latex/base\ts1enc.dfu"
File: ts1enc.dfu 2018/10/05 v1.2f UTF-8 support for inputenc
   defining Unicode char U+00A2 (decimal 162)
   defining Unicode char U+00A3 (decimal 163)
   defining Unicode char U+00A4 (decimal 164)
   defining Unicode char U+00A5 (decimal 165)
   defining Unicode char U+00A6 (decimal 166)
   defining Unicode char U+00A7 (decimal 167)
   defining Unicode char U+00A8 (decimal 168)
   defining Unicode char U+00A9 (decimal 169)
   defining Unicode char U+00AA (decimal 170)
   defining Unicode char U+00AC (decimal 172)
   defining Unicode char U+00AE (decimal 174)
   defining Unicode char U+00AF (decimal 175)
   defining Unicode char U+00B0 (decimal 176)
   defining Unicode char U+00B1 (decimal 177)
   defining Unicode char U+00B2 (decimal 178)
   defining Unicode char U+00B3 (decimal 179)
   defining Unicode char U+00B4 (decimal 180)
   defining Unicode char U+00B5 (decimal 181)
   defining Unicode char U+00B6 (decimal 182)
   defining Unicode char U+00B7 (decimal 183)
   defining Unicode char U+00B9 (decimal 185)
   defining Unicode char U+00BA (decimal 186)
   defining Unicode char U+00BC (decimal 188)
   defining Unicode char U+00BD (decimal 189)
   defining Unicode char U+00BE (decimal 190)
   defining Unicode char U+00D7 (decimal 215)
   defining Unicode char U+00F7 (decimal 247)
   defining Unicode char U+0192 (decimal 402)
   defining Unicode char U+02C7 (decimal 711)
   defining Unicode char U+02D8 (decimal 728)
   defining Unicode char U+02DD (decimal 733)
   defining Unicode char U+0E3F (decimal 3647)
   defining Unicode char U+2016 (decimal 8214)
   defining Unicode char U+2020 (decimal 8224)
   defining Unicode char U+2021 (decimal 8225)
   defining Unicode char U+2022 (decimal 8226)
   defining Unicode char U+2030 (decimal 8240)
   defining Unicode char U+2031 (decimal 8241)
   defining Unicode char U+203B (decimal 8251)
   defining Unicode char U+203D (decimal 8253)
   defining Unicode char U+2044 (decimal 8260)
   defining Unicode char U+204E (decimal 8270)
   defining Unicode char U+2052 (decimal 8274)
   defining Unicode char U+20A1 (decimal 8353)
   defining Unicode char U+20A4 (decimal 8356)
   defining Unicode char U+20A6 (decimal 8358)
   defining Unicode char U+20A9 (decimal 8361)
   defining Unicode char U+20AB (decimal 8363)
   defining Unicode char U+20AC (decimal 8364)
   defining Unicode char U+20B1 (decimal 8369)
   defining Unicode char U+2103 (decimal 8451)
   defining Unicode char U+2116 (decimal 8470)
   defining Unicode char U+2117 (decimal 8471)
   defining Unicode char U+211E (decimal 8478)
   defining Unicode char U+2120 (decimal 8480)
   defining Unicode char U+2122 (decimal 8482)
   defining Unicode char U+2126 (decimal 8486)
   defining Unicode char U+2127 (decimal 8487)
   defining Unicode char U+212E (decimal 8494)
   defining Unicode char U+2190 (decimal 8592)
   defining Unicode char U+2191 (decimal 8593)
   defining Unicode char U+2192 (decimal 8594)
   defining Unicode char U+2193 (decimal 8595)
   defining Unicode char U+2329 (decimal 9001)
   defining Unicode char U+232A (decimal 9002)
   defining Unicode char U+2422 (decimal 9250)
   defining Unicode char U+25E6 (decimal 9702)
   defining Unicode char U+25EF (decimal 9711)
   defining Unicode char U+266A (decimal 9834)
   defining Unicode char U+FEFF (decimal 65279)
))
LaTeX Info: Redefining \oldstylenums on input line 334.
Package textcomp Info: Setting cmr sub-encoding to TS1/0 on input line 349.
Package textcomp Info: Setting cmss sub-encoding to TS1/0 on input line 350.
Package textcomp Info: Setting cmtt sub-encoding to TS1/0 on input line 351.
Package textcomp Info: Setting cmvtt sub-encoding to TS1/0 on input line 352.
Package textcomp Info: Setting cmbr sub-encoding to TS1/0 on input line 353.
Package textcomp Info: Setting cmtl sub-encoding to TS1/0 on input line 354.
Package textcomp Info: Setting ccr sub-encoding to TS1/0 on input line 355.
Package textcomp Info: Setting ptm sub-encoding to TS1/4 on input line 356.
Package textcomp Info: Setting pcr sub-encoding to TS1/4 on input line 357.
Package textcomp Info: Setting phv sub-encoding to TS1/4 on input line 358.
Package textcomp Info: Setting ppl sub-encoding to TS1/3 on input line 359.
Package textcomp Info: Setting pag sub-encoding to TS1/4 on input line 360.
Package textcomp Info: Setting pbk sub-encoding to TS1/4 on input line 361.
Package textcomp Info: Setting pnc sub-encoding to TS1/4 on input line 362.
Package textcomp Info: Setting pzc sub-encoding to TS1/4 on input line 363.
Package textcomp Info: Setting bch sub-encoding to TS1/4 on input line 364.
Package textcomp Info: Setting put sub-encoding to TS1/5 on input line 365.
Package textcomp Info: Setting uag sub-encoding to TS1/5 on input line 366.
Package textcomp Info: Setting ugq sub-encoding to TS1/5 on input line 367.
Package textcomp Info: Setting ul8 sub-encoding to TS1/4 on input line 368.
Package textcomp Info: Setting ul9 sub-encoding to TS1/4 on input line 369.
Package textcomp Info: Setting augie sub-encoding to TS1/5 on input line 370.
Package textcomp Info: Setting dayrom sub-encoding to TS1/3 on input line 371.
Package textcomp Info: Setting dayroms sub-encoding to TS1/3 on input line 372.

Package textcomp Info: Setting pxr sub-encoding to TS1/0 on input line 373.
Package textcomp Info: Setting pxss sub-encoding to TS1/0 on input line 374.
Package textcomp Info: Setting pxtt sub-encoding to TS1/0 on input line 375.
Package textcomp Info: Setting txr sub-encoding to TS1/0 on input line 376.
Package textcomp Info: Setting txss sub-encoding to TS1/0 on input line 377.
Package textcomp Info: Setting txtt sub-encoding to TS1/0 on input line 378.
Package textcomp Info: Setting lmr sub-encoding to TS1/0 on input line 379.
Package textcomp Info: Setting lmdh sub-encoding to TS1/0 on input line 380.
Package textcomp Info: Setting lmss sub-encoding to TS1/0 on input line 381.
Package textcomp Info: Setting lmssq sub-encoding to TS1/0 on input line 382.
Package textcomp Info: Setting lmvtt sub-encoding to TS1/0 on input line 383.
Package textcomp Info: Setting lmtt sub-encoding to TS1/0 on input line 384.
Package textcomp Info: Setting qhv sub-encoding to TS1/0 on input line 385.
Package textcomp Info: Setting qag sub-encoding to TS1/0 on input line 386.
Package textcomp Info: Setting qbk sub-encoding to TS1/0 on input line 387.
Package textcomp Info: Setting qcr sub-encoding to TS1/0 on input line 388.
Package textcomp Info: Setting qcs sub-encoding to TS1/0 on input line 389.
Package textcomp Info: Setting qpl sub-encoding to TS1/0 on input line 390.
Package textcomp Info: Setting qtm sub-encoding to TS1/0 on input line 391.
Package textcomp Info: Setting qzc sub-encoding to TS1/0 on input line 392.
Package textcomp Info: Setting qhvc sub-encoding to TS1/0 on input line 393.
Package textcomp Info: Setting futs sub-encoding to TS1/4 on input line 394.
Package textcomp Info: Setting futx sub-encoding to TS1/4 on input line 395.
Package textcomp Info: Setting futj sub-encoding to TS1/4 on input line 396.
Package textcomp Info: Setting hlh sub-encoding to TS1/3 on input line 397.
Package textcomp Info: Setting hls sub-encoding to TS1/3 on input line 398.
Package textcomp Info: Setting hlst sub-encoding to TS1/3 on input line 399.
Package textcomp Info: Setting hlct sub-encoding to TS1/5 on input line 400.
Package textcomp Info: Setting hlx sub-encoding to TS1/5 on input line 401.
Package textcomp Info: Setting hlce sub-encoding to TS1/5 on input line 402.
Package textcomp Info: Setting hlcn sub-encoding to TS1/5 on input line 403.
Package textcomp Info: Setting hlcw sub-encoding to TS1/5 on input line 404.
Package textcomp Info: Setting hlcf sub-encoding to TS1/5 on input line 405.
Package textcomp Info: Setting pplx sub-encoding to TS1/3 on input line 406.
Package textcomp Info: Setting pplj sub-encoding to TS1/3 on input line 407.
Package textcomp Info: Setting ptmx sub-encoding to TS1/4 on input line 408.
Package textcomp Info: Setting ptmj sub-encoding to TS1/4 on input line 409.
)
\ldescriptionwidth=\skip47

("C:\Program Files\MiKTeX 2.9\tex/latex/base\fontenc.sty"
Package: fontenc 2018/08/11 v2.0j Standard LaTeX package

("C:\Program Files\MiKTeX 2.9\tex/latex/base\t1enc.def"
File: t1enc.def 2018/08/11 v2.0j Standard LaTeX file
LaTeX Font Info:    Redeclaring font encoding T1 on input line 48.
))
("C:\Program Files\MiKTeX 2.9\tex/latex/psnfss\times.sty"
Package: times 2005/04/12 PSNFSS-v9.2a (SPQR) 
)
(C:\Users\jwambaug\AppData\Roaming\MiKTeX\2.9\tex/latex/inconsolata\zi4.sty
Package: zi4 2019/05/17 v1.12

`inconsolata-zi4' v1.12, 2019/05/17 Text macros for Inconsolata (msharpe)
("C:\Program Files\MiKTeX 2.9\tex/latex/xkeyval\xkeyval.sty"
Package: xkeyval 2014/12/03 v2.7a package option processing (HA)

("C:\Program Files\MiKTeX 2.9\tex/generic/xkeyval\xkeyval.tex"
("C:\Program Files\MiKTeX 2.9\tex/generic/xkeyval\xkvutils.tex"
\XKV@toks=\toks17
\XKV@tempa@toks=\toks18

("C:\Program Files\MiKTeX 2.9\tex/generic/xkeyval\keyval.tex"))
\XKV@depth=\count94
File: xkeyval.tex 2014/12/03 v2.7a key=value parser (HA)
))
\zifour@ocount=\count95
)
("C:\Program Files\MiKTeX 2.9\tex/latex/graphics\color.sty"
Package: color 2016/07/10 v1.1e Standard LaTeX Color (DPC)

("C:\Program Files\MiKTeX 2.9\tex/latex/graphics-cfg\color.cfg"
File: color.cfg 2016/01/02 v1.6 sample color configuration
)
Package color Info: Driver file: pdftex.def on input line 147.

("C:\Program Files\MiKTeX 2.9\tex/latex/graphics-def\pdftex.def"
File: pdftex.def 2018/01/08 v1.0l Graphics/color driver for pdftex
))
("C:\Program Files\MiKTeX 2.9\tex/latex/hyperref\hyperref.sty"
Package: hyperref 2018/11/30 v6.88e Hypertext links for LaTeX

("C:\Program Files\MiKTeX 2.9\tex/generic/oberdiek\hobsub-hyperref.sty"
Package: hobsub-hyperref 2016/05/16 v1.14 Bundle oberdiek, subset hyperref (HO)


("C:\Program Files\MiKTeX 2.9\tex/generic/oberdiek\hobsub-generic.sty"
Package: hobsub-generic 2016/05/16 v1.14 Bundle oberdiek, subset generic (HO)
Package: hobsub 2016/05/16 v1.14 Construct package bundles (HO)
Package: infwarerr 2016/05/16 v1.4 Providing info/warning/error messages (HO)
Package: ltxcmds 2016/05/16 v1.23 LaTeX kernel commands for general use (HO)
Package: ifluatex 2016/05/16 v1.4 Provides the ifluatex switch (HO)
Package ifluatex Info: LuaTeX not detected.
Package: ifvtex 2016/05/16 v1.6 Detect VTeX and its facilities (HO)
Package ifvtex Info: VTeX not detected.
Package: intcalc 2016/05/16 v1.2 Expandable calculations with integers (HO)
Package: ifpdf 2018/09/07 v3.3 Provides the ifpdf switch
Package: etexcmds 2016/05/16 v1.6 Avoid name clashes with e-TeX commands (HO)
Package: kvsetkeys 2016/05/16 v1.17 Key value parser (HO)
Package: kvdefinekeys 2016/05/16 v1.4 Define keys (HO)
Package: pdftexcmds 2018/09/10 v0.29 Utility functions of pdfTeX for LuaTeX (HO
)
Package pdftexcmds Info: LuaTeX not detected.
Package pdftexcmds Info: \pdf@primitive is available.
Package pdftexcmds Info: \pdf@ifprimitive is available.
Package pdftexcmds Info: \pdfdraftmode found.
Package: pdfescape 2016/05/16 v1.14 Implements pdfTeX's escape features (HO)
Package: bigintcalc 2016/05/16 v1.4 Expandable calculations on big integers (HO
)
Package: bitset 2016/05/16 v1.2 Handle bit-vector datatype (HO)
Package: uniquecounter 2016/05/16 v1.3 Provide unlimited unique counter (HO)
)
Package hobsub Info: Skipping package `hobsub' (already loaded).
Package: letltxmacro 2016/05/16 v1.5 Let assignment for LaTeX macros (HO)
Package: hopatch 2016/05/16 v1.3 Wrapper for package hooks (HO)
Package: xcolor-patch 2016/05/16 xcolor patch
Package: atveryend 2016/05/16 v1.9 Hooks at the very end of document (HO)
Package atveryend Info: \enddocument detected (standard20110627).
Package: atbegshi 2016/06/09 v1.18 At begin shipout hook (HO)
Package: refcount 2016/05/16 v3.5 Data extraction from label references (HO)
Package: hycolor 2016/05/16 v1.8 Color options for hyperref/bookmark (HO)
)
("C:\Program Files\MiKTeX 2.9\tex/generic/ifxetex\ifxetex.sty"
Package: ifxetex 2010/09/12 v0.6 Provides ifxetex conditional
)
("C:\Program Files\MiKTeX 2.9\tex/latex/oberdiek\auxhook.sty"
Package: auxhook 2016/05/16 v1.4 Hooks for auxiliary files (HO)
)
("C:\Program Files\MiKTeX 2.9\tex/latex/oberdiek\kvoptions.sty"
Package: kvoptions 2016/05/16 v3.12 Key value format for package options (HO)
)
\@linkdim=\dimen104
\Hy@linkcounter=\count96
\Hy@pagecounter=\count97

("C:\Program Files\MiKTeX 2.9\tex/latex/hyperref\pd1enc.def"
File: pd1enc.def 2018/11/30 v6.88e Hyperref: PDFDocEncoding definition (HO)
Now handling font encoding PD1 ...
... no UTF-8 mapping file for font encoding PD1
)
\Hy@SavedSpaceFactor=\count98

("C:\Program Files\MiKTeX 2.9\tex/latex/00miktex\hyperref.cfg"
File: hyperref.cfg 2002/06/06 v1.2 hyperref configuration of TeXLive
)
Package hyperref Info: Hyper figures OFF on input line 4519.
Package hyperref Info: Link nesting OFF on input line 4524.
Package hyperref Info: Hyper index ON on input line 4527.
Package hyperref Info: Plain pages OFF on input line 4534.
Package hyperref Info: Backreferencing OFF on input line 4539.
Package hyperref Info: Implicit mode ON; LaTeX internals redefined.
Package hyperref Info: Bookmarks ON on input line 4772.
\c@Hy@tempcnt=\count99
LaTeX Info: Redefining \url on input line 5125.
\XeTeXLinkMargin=\dimen105
\Fld@menulength=\count100
\Field@Width=\dimen106
\Fld@charsize=\dimen107
Package hyperref Info: Hyper figures OFF on input line 6380.
Package hyperref Info: Link nesting OFF on input line 6385.
Package hyperref Info: Hyper index ON on input line 6388.
Package hyperref Info: backreferencing OFF on input line 6395.
Package hyperref Info: Link coloring OFF on input line 6400.
Package hyperref Info: Link coloring with OCG OFF on input line 6405.
Package hyperref Info: PDF/A mode OFF on input line 6410.
LaTeX Info: Redefining \ref on input line 6450.
LaTeX Info: Redefining \pageref on input line 6454.
\Hy@abspage=\count101
\c@Item=\count102
\c@Hfootnote=\count103
)
Package hyperref Info: Driver (autodetected): hpdftex.

("C:\Program Files\MiKTeX 2.9\tex/latex/hyperref\hpdftex.def"
File: hpdftex.def 2018/11/30 v6.88e Hyperref driver for pdfTeX
\Fld@listcount=\count104
\c@bookmark@seq@number=\count105

("C:\Program Files\MiKTeX 2.9\tex/latex/oberdiek\rerunfilecheck.sty"
Package: rerunfilecheck 2016/05/16 v1.8 Rerun checks for auxiliary files (HO)
Package uniquecounter Info: New unique counter `rerunfilecheck' on input line 2
82.
)
\Hy@SectionHShift=\skip48
)

Package hyperref Warning: Option `hyperindex' has already been used,
(hyperref)                setting the option has no effect on input line 377.

Package hyperref Info: Option `colorlinks' set `true' on input line 377.

Package hyperref Warning: Option `pagebackref' has already been used,
(hyperref)                setting the option has no effect on input line 377.

Package hyperref Info: Option `linktocpage' set `true' on input line 377.
Package hyperref Info: Option `plainpages' set `false' on input line 377.
) ("C:\Program Files\MiKTeX 2.9\tex/latex/base\makeidx.sty"
Package: makeidx 2014/09/29 v1.0m Standard LaTeX package
)
("C:\Program Files\MiKTeX 2.9\tex/latex/base\inputenc.sty"
Package: inputenc 2018/08/11 v1.3c Input encoding file
\inpenc@prehook=\toks19
\inpenc@posthook=\toks20

("C:\Program Files\MiKTeX 2.9\tex/latex/base\latin1.def"
File: latin1.def 2018/08/11 v1.3c Input encoding file
))
("C:\Program Files\MiKTeX 2.9\tex/latex/graphics\graphicx.sty"
Package: graphicx 2017/06/01 v1.1a Enhanced LaTeX Graphics (DPC,SPQR)

("C:\Program Files\MiKTeX 2.9\tex/latex/graphics\graphics.sty"
Package: graphics 2017/06/25 v1.2c Standard LaTeX Graphics (DPC,SPQR)

("C:\Program Files\MiKTeX 2.9\tex/latex/graphics\trig.sty"
Package: trig 2016/01/03 v1.10 sin cos tan (DPC)
)
("C:\Program Files\MiKTeX 2.9\tex/latex/graphics-cfg\graphics.cfg"
File: graphics.cfg 2016/06/04 v1.11 sample graphics configuration
)
Package graphics Info: Driver file: pdftex.def on input line 99.
)
\Gin@req@height=\dimen108
\Gin@req@width=\dimen109
)
\@indexfile=\write3
\openout3 = `Rd2.idx'.


Writing index file Rd2.idx
(Rd2.aux)
\openout1 = `Rd2.aux'.

LaTeX Font Info:    Checking defaults for OML/cmm/m/it on input line 7.
LaTeX Font Info:    ... okay on input line 7.
LaTeX Font Info:    Checking defaults for T1/cmr/m/n on input line 7.
LaTeX Font Info:    ... okay on input line 7.
LaTeX Font Info:    Checking defaults for OT1/cmr/m/n on input line 7.
LaTeX Font Info:    ... okay on input line 7.
LaTeX Font Info:    Checking defaults for OMS/cmsy/m/n on input line 7.
LaTeX Font Info:    ... okay on input line 7.
LaTeX Font Info:    Checking defaults for OMX/cmex/m/n on input line 7.
LaTeX Font Info:    ... okay on input line 7.
LaTeX Font Info:    Checking defaults for U/cmr/m/n on input line 7.
LaTeX Font Info:    ... okay on input line 7.
LaTeX Font Info:    Checking defaults for TS1/cmr/m/n on input line 7.
LaTeX Font Info:    Try loading font information for TS1+cmr on input line 7.
 ("C:\Program Files\MiKTeX 2.9\tex/latex/base\ts1cmr.fd"
File: ts1cmr.fd 2014/09/29 v2.5h Standard LaTeX font definitions
)
LaTeX Font Info:    ... okay on input line 7.
LaTeX Font Info:    Checking defaults for PD1/pdf/m/n on input line 7.
LaTeX Font Info:    ... okay on input line 7.
LaTeX Font Info:    Try loading font information for T1+ptm on input line 7.

("C:\Program Files\MiKTeX 2.9\tex/latex/psnfss\t1ptm.fd"
File: t1ptm.fd 2001/06/04 font definitions for T1/ptm.
)
(C:\Users\jwambaug\AppData\Roaming\MiKTeX\2.9\tex/context/base/mkii\supp-pdf.mk
ii
[Loading MPS to PDF converter (version 2006.09.02).]
\scratchcounter=\count106
\scratchdimen=\dimen110
\scratchbox=\box31
\nofMPsegments=\count107
\nofMParguments=\count108
\everyMPshowfont=\toks21
\MPscratchCnt=\count109
\MPscratchDim=\dimen111
\MPnumerator=\count110
\makeMPintoPDFobject=\count111
\everyMPtoPDFconversion=\toks22
) ("C:\Program Files\MiKTeX 2.9\tex/latex/oberdiek\epstopdf-base.sty"
Package: epstopdf-base 2016/05/15 v2.6 Base part for package epstopdf

("C:\Program Files\MiKTeX 2.9\tex/latex/oberdiek\grfext.sty"
Package: grfext 2016/05/16 v1.2 Manage graphics extensions (HO)
)
Package epstopdf-base Info: Redefining graphics rule for `.eps' on input line 4
38.
Package grfext Info: Graphics extension search list:
(grfext)             [.pdf,.png,.jpg,.mps,.jpeg,.jbig2,.jb2,.PDF,.PNG,.JPG,.JPE
G,.JBIG2,.JB2,.eps]
(grfext)             \AppendGraphicsExtensions on input line 456.
)
\AtBeginShipoutBox=\box32
Package hyperref Info: Link coloring ON on input line 7.

("C:\Program Files\MiKTeX 2.9\tex/latex/hyperref\nameref.sty"
Package: nameref 2016/05/21 v2.44 Cross-referencing by name of section

("C:\Program Files\MiKTeX 2.9\tex/generic/oberdiek\gettitlestring.sty"
Package: gettitlestring 2016/05/16 v1.5 Cleanup title references (HO)
)
\c@section@level=\count112
)
LaTeX Info: Redefining \ref on input line 7.
LaTeX Info: Redefining \pageref on input line 7.
LaTeX Info: Redefining \nameref on input line 7.

(Rd2.out) (Rd2.out)
\@outlinefile=\write4
\openout4 = `Rd2.out'.

LaTeX Font Info:    Font shape `T1/ptm/bx/n' in size <24.88> not available
(Font)              Font shape `T1/ptm/b/n' tried instead on input line 8.
LaTeX Font Info:    Font shape `T1/ptm/bx/n' in size <10> not available
(Font)              Font shape `T1/ptm/b/n' tried instead on input line 10.
LaTeX Font Info:    Font shape `T1/ptm/bx/n' in size <20.74> not available
(Font)              Font shape `T1/ptm/b/n' tried instead on input line 10.
LaTeX Font Info:    Try loading font information for T1+phv on input line 10.
 ("C:\Program Files\MiKTeX 2.9\tex/latex/psnfss\t1phv.fd"
File: t1phv.fd 2001/06/04 scalable font definitions for T1/phv.
)
LaTeX Font Info:    Try loading font information for T1+zi4 on input line 10.

(C:\Users\jwambaug\AppData\Roaming\MiKTeX\2.9\tex/latex/inconsolata\t1zi4.fd
File: t1zi4.fd 2018/01/14 T1/zi4 (Inconsolata)
)
LaTeX Font Info:    Font shape `T1/zi4/m/n' will be
(Font)              scaled to size 14.4pt on input line 10.
LaTeX Font Info:    Font shape `T1/ptm/bx/n' in size <14.4> not available
(Font)              Font shape `T1/ptm/b/n' tried instead on input line 13.

(Rd2.toc
LaTeX Font Info:    External font `cmex10' loaded for size
(Font)              <7> on input line 1.
LaTeX Font Info:    External font `cmex10' loaded for size
(Font)              <5> on input line 1.
 [1


{C:/Users/jwambaug/AppData/Local/MiKTeX/2.9/pdftex/config/pdftex.map}] [2] [3])
\tf@toc=\write5
\openout5 = `Rd2.toc'.

 ("C:\Program Files\MiKTeX 2.9\tex/latex/base\utf8.def"
File: utf8.def 2018/10/05 v1.2f UTF-8 support for inputenc
)
LaTeX Font Info:    Font shape `T1/zi4/m/n' will be
(Font)              scaled to size 10.0pt on input line 15.

Overfull \hbox (30.3171pt too wide) in paragraph at lines 20--41
\T1/ptm/m/n/10 specific in vitro data have been ob-tained from rel-a-tively hig
h through-put ex-per-i-ments. Both physiologically-
 []

[4] [5]
LaTeX Font Info:    Font shape `T1/zi4/m/n' will be
(Font)              scaled to size 9.0pt on input line 167.

Overfull \hbox (4.72678pt too wide) in paragraph at lines 205--207
[]\T1/ptm/m/n/10 Distributions of ages in months, com-puted from NHANES data sm
oothed us-ing sur-vey::svysmooth(),
 []

[6] [7]
Underfull \vbox (badness 10000) has occurred while \output is active []

 [8]
[9]
Overfull \hbox (17.84802pt too wide) in paragraph at lines 390--392
[]\T1/ptm/m/n/10 A data.table with casrn, nom-conc, MP, gkow, gkaw, gswat, sare
a, v_total, v_working.
 []


Overfull \hbox (47.84953pt too wide) in alignment at lines 527--527
 [] [] [] 
 []

[10] [11]
Overfull \hbox (79.59792pt too wide) in paragraph at lines 535--537
[]\T1/ptm/m/n/10 Armitage, J. M.; Wa-nia, F.; Arnot, J. A. En-v-i-ron. Sci. Tec
h-nol. 2014, 48, 9770-9779. https://doi.org/10.1021/es501955g 
 []

LaTeX Font Info:    Try loading font information for TS1+zi4 on input line 557.

(C:\Users\jwambaug\AppData\Roaming\MiKTeX\2.9\tex/latex/inconsolata\ts1zi4.fd
File: ts1zi4.fd 2018/01/14 TS1/zi4 (Inconsolata)
)
LaTeX Font Info:    Font shape `TS1/zi4/m/n' will be
(Font)              scaled to size 9.0pt on input line 557.

[12] [13]
Overfull \hbox (64.30856pt too wide) in paragraph at lines 635--637
[]\T1/ptm/m/n/10 Armitage, J. M.; Wa-nia, F.; Arnot, J. A. En-v-i-ron. Sci. Tec
h-nol. 2014, 48, 9770-9779. dx.doi.org/10.1021/es501955g 
 []

[14] [15]
Overfull \hbox (6.34773pt too wide) in paragraph at lines 753--755
[]\T1/ptm/m/n/10 Whether or not to use Fun-bound.plasma ad-just-ment if cal-cu-
lat-ing Rblood2plasma. 
 []


Overfull \hbox (8.72667pt too wide) in paragraph at lines 762--765
[]\T1/ptm/m/n/10 Either re-trieves a mea-sured blood:plasma con-cen-tra-tion ra
-tio from the chem.physical_and_invitro.data
 []

[16] [17] [18] [19] [20]
Overfull \hbox (14.75021pt too wide) in paragraph at lines 1098--1098
 []  \T1/zi4/m/n/10 parameterize.args = list(default.to.human = FALSE, adjusted
.Funbound.plasma = TRUE,[] 
 []


Overfull \hbox (6.7091pt too wide) in paragraph at lines 1113--1115
[]\T1/ptm/m/n/10 EPA's DSSTox Struc-ture ID ([][]$\T1/zi4/m/n/10 https : / / co
mptox . epa . gov / dashboard$[][]\T1/ptm/m/n/10 ) the chem-
 []


Overfull \hbox (23.5272pt too wide) in paragraph at lines 1129--1133
[]\T1/ptm/m/n/10 Model used in cal-cu-la-tion, 'pbtk' for the mul-ti-ple com-pa
rt-ment model,'3compartment'
 []

[21]
Overfull \hbox (10.8376pt too wide) in paragraph at lines 1150--1155
\T1/ptm/m/n/10 through "Honda4". If used, this func-tion over-writes the tis-su
e, re-stric-tive.clearance,
 []


Overfull \hbox (74.97758pt too wide) in paragraph at lines 1156--1166
\T1/ptm/m/n/10 clud-ing de-fault.to.human, ad-justed.Funbound.plasma, re-gres-s
ion, and min-i-mum.Funbound.plasma.
 []


Overfull \hbox (6.298pt too wide) in paragraph at lines 1156--1166
\T1/ptm/m/n/10 val-ues if true, ad-justed.Funbound.plasma re-turns ad-justed Fu
n-bound.plasma when
 []


Overfull \hbox (15.1491pt too wide) in alignment at lines 1186--1186
 [] [] [] [] [] 
 []


Underfull \vbox (badness 10000) has occurred while \output is active []

 [22]
[23]
Overfull \hbox (10.03906pt too wide) in paragraph at lines 1261--1263
[]\T1/ptm/m/n/10 EPA's 'DSSTox Struc-ture ID ([][]$\T1/zi4/m/n/10 https : / / c
omptox . epa . gov / dashboard$[][]\T1/ptm/m/n/10 ) the chem-
 []

[24]
Overfull \hbox (10.03906pt too wide) in paragraph at lines 1339--1341
[]\T1/ptm/m/n/10 EPA's 'DSSTox Struc-ture ID ([][]$\T1/zi4/m/n/10 https : / / c
omptox . epa . gov / dashboard$[][]\T1/ptm/m/n/10 ) the chem-
 []

[25]
Overfull \hbox (10.03906pt too wide) in paragraph at lines 1417--1419
[]\T1/ptm/m/n/10 EPA's 'DSSTox Struc-ture ID ([][]$\T1/zi4/m/n/10 https : / / c
omptox . epa . gov / dashboard$[][]\T1/ptm/m/n/10 ) the chem-
 []

[26] [27]
Overfull \hbox (10.03906pt too wide) in paragraph at lines 1495--1497
[]\T1/ptm/m/n/10 EPA's 'DSSTox Struc-ture ID ([][]$\T1/zi4/m/n/10 https : / / c
omptox . epa . gov / dashboard$[][]\T1/ptm/m/n/10 ) the chem-
 []

[28]
Overfull \hbox (6.7091pt too wide) in paragraph at lines 1586--1588
[]\T1/ptm/m/n/10 EPA's DSSTox Struc-ture ID ([][]$\T1/zi4/m/n/10 https : / / co
mptox . epa . gov / dashboard$[][]\T1/ptm/m/n/10 ) the chem-
 []


Overfull \hbox (23.5272pt too wide) in paragraph at lines 1613--1616
[]\T1/ptm/m/n/10 Model used in cal-cu-la-tion, 'pbtk' for the mul-ti-ple com-pa
rt-ment model,'3compartment'
 []

[29]
Overfull \hbox (14.93796pt too wide) in paragraph at lines 1637--1639
[]\T1/ptm/m/n/10 The dos-ing ob-ject for more com-pli-cated sce-nar-ios. De-fau
lts to re-peated \T1/zi4/m/n/10 daily.dose
 []

[30]
Overfull \hbox (10.03906pt too wide) in paragraph at lines 1726--1728
[]\T1/ptm/m/n/10 EPA's 'DSSTox Struc-ture ID ([][]$\T1/zi4/m/n/10 https : / / c
omptox . epa . gov / dashboard$[][]\T1/ptm/m/n/10 ) the chem-
 []

[31] [32]
Overfull \hbox (10.03906pt too wide) in paragraph at lines 1828--1830
[]\T1/ptm/m/n/10 EPA's 'DSSTox Struc-ture ID ([][]$\T1/zi4/m/n/10 https : / / c
omptox . epa . gov / dashboard$[][]\T1/ptm/m/n/10 ) the chem-
 []

[33]
Overfull \hbox (6.7091pt too wide) in paragraph at lines 1932--1934
[]\T1/ptm/m/n/10 EPA's DSSTox Struc-ture ID ([][]$\T1/zi4/m/n/10 https : / / co
mptox . epa . gov / dashboard$[][]\T1/ptm/m/n/10 ) the chem-
 []


Overfull \hbox (14.28706pt too wide) in paragraph at lines 1935--1937
[]\T1/ptm/m/n/10 Chemical pa-ram-e-ters from pa-ram-e-ter-ize_steadystate func-
tion, over-rides chem.name
 []

[34]
Overfull \hbox (4.66682pt too wide) in paragraph at lines 1960--1962
[]\T1/ptm/m/n/10 Additional pa-ram-e-ters passed to pa-ram-e-ter-ize_steadystat
e if pa-ram-e-ters is NULL. 
 []

[35] [36]
Overfull \hbox (6.7091pt too wide) in paragraph at lines 2089--2091
[]\T1/ptm/m/n/10 EPA's DSSTox Struc-ture ID ([][]$\T1/zi4/m/n/10 https : / / co
mptox . epa . gov / dashboard$[][]\T1/ptm/m/n/10 ) the chem-
 []


Overfull \hbox (14.28706pt too wide) in paragraph at lines 2092--2094
[]\T1/ptm/m/n/10 Chemical pa-ram-e-ters from pa-ram-e-ter-ize_steadystate func-
tion, over-rides chem.name
 []


Overfull \hbox (4.66682pt too wide) in paragraph at lines 2117--2119
[]\T1/ptm/m/n/10 Additional pa-ram-e-ters passed to pa-ram-e-ter-ize_steadystat
e if pa-ram-e-ters is NULL. 
 []

[37] [38]
Overfull \hbox (12.29701pt too wide) in paragraph at lines 2245--2247
[]\T1/ptm/m/n/10 Chemical pa-ram-e-ters from a pa-ram-e-ter-ize_MODEL func-tion
, over-rides chem.name
 []

[39] [40] [41]
Overfull \hbox (9.72977pt too wide) in paragraph at lines 2431--2431
 []    \T1/zi4/m/n/10 fup.censored.dist = FALSE, fup.lod = 0.01, fup.meas.cv = 
0.4, clint.meas.cv = 0.3,[] 
 []


Overfull \hbox (24.75021pt too wide) in paragraph at lines 2439--2439
 []  \T1/zi4/m/n/10 parameterize.arg.list = list(default.to.human = FALSE, clin
t.pvalue.threshold = 0.05,[] 
 []

[42]
Overfull \hbox (9.72977pt too wide) in paragraph at lines 2442--2442
 []    \T1/zi4/m/n/10 adjusted.Funbound.plasma = TRUE, regression = TRUE, IVIVE
 = NULL, tissue = tissue,[] 
 []


Overfull \hbox (24.58707pt too wide) in paragraph at lines 2475--2480
[]\T1/ptm/m/n/10 Model used in cal-cu-la-tion: 'pbtk' for the mul-ti-ple com-pa
rt-ment model,'3compartment'
 []

[43]
Overfull \hbox (15.1491pt too wide) in alignment at lines 2556--2556
 [] [] [] [] [] 
 []

[44] [45]
Overfull \hbox (3.77782pt too wide) in paragraph at lines 2634--2634
 [] \T1/zi4/m/n/9 calc_mc_css(chem.cas="90-43-7",model="pbtk",samples=NSAMP,htt
kpop=FALSE,invitrouv=FALSE)[] 
 []

[46]
Overfull \hbox (10.03906pt too wide) in paragraph at lines 2692--2694
[]\T1/ptm/m/n/10 EPA's 'DSSTox Struc-ture ID ([][]$\T1/zi4/m/n/10 https : / / c
omptox . epa . gov / dashboard$[][]\T1/ptm/m/n/10 ) the chem-
 []


Overfull \hbox (10.8376pt too wide) in paragraph at lines 2724--2729
\T1/ptm/m/n/10 through "Honda6". If used, this func-tion over-writes the tis-su
e, re-stric-tive.clearance,
 []


Overfull \hbox (15.1491pt too wide) in alignment at lines 2758--2758
 [] [] [] [] [] 
 []

[47] [48]
Overfull \hbox (3.0597pt too wide) in paragraph at lines 2829--2829
 []  \T1/zi4/m/n/10 solvemodel.arg.list = list(times = c(0, 0.25, 0.5, 0.75, 1,
 1.5, 2, 2.5, 3, 4, 5)),[] 
 []


Overfull \hbox (9.72977pt too wide) in paragraph at lines 2831--2831
 []    \T1/zi4/m/n/10 fup.censored.dist = FALSE, fup.lod = 0.01, fup.meas.cv = 
0.4, clint.meas.cv = 0.3,[] 
 []


Overfull \hbox (24.75021pt too wide) in paragraph at lines 2839--2839
 []  \T1/zi4/m/n/10 parameterize.arg.list = list(default.to.human = FALSE, clin
t.pvalue.threshold = 0.05,[] 
 []


Overfull \hbox (6.7091pt too wide) in paragraph at lines 2854--2856
[]\T1/ptm/m/n/10 EPA's DSSTox Struc-ture ID ([][]$\T1/zi4/m/n/10 https : / / co
mptox . epa . gov / dashboard$[][]\T1/ptm/m/n/10 ) the chem-
 []


Overfull \hbox (24.58707pt too wide) in paragraph at lines 2870--2875
[]\T1/ptm/m/n/10 Model used in cal-cu-la-tion: 'pbtk' for the mul-ti-ple com-pa
rt-ment model,'3compartment'
 []

[49] [50]
Overfull \hbox (15.1491pt too wide) in alignment at lines 2954--2954
 [] [] [] [] [] 
 []

[51]
Overfull \hbox (6.7091pt too wide) in paragraph at lines 3041--3043
[]\T1/ptm/m/n/10 EPA's DSSTox Struc-ture ID ([][]$\T1/zi4/m/n/10 https : / / co
mptox . epa . gov / dashboard$[][]\T1/ptm/m/n/10 ) the chem-
 []

[52] [53]
Overfull \hbox (6.7091pt too wide) in paragraph at lines 3157--3159
[]\T1/ptm/m/n/10 EPA's DSSTox Struc-ture ID ([][]$\T1/zi4/m/n/10 https : / / co
mptox . epa . gov / dashboard$[][]\T1/ptm/m/n/10 ) the chem-
 []


Overfull \hbox (23.5272pt too wide) in paragraph at lines 3188--3192
[]\T1/ptm/m/n/10 Model used in cal-cu-la-tion, 'pbtk' for the mul-ti-ple com-pa
rt-ment model,'3compartment'
 []

[54] [55]
Overfull \hbox (6.7091pt too wide) in paragraph at lines 3276--3278
[]\T1/ptm/m/n/10 EPA's DSSTox Struc-ture ID ([][]$\T1/zi4/m/n/10 https : / / co
mptox . epa . gov / dashboard$[][]\T1/ptm/m/n/10 ) the chem-
 []


Overfull \hbox (23.5272pt too wide) in paragraph at lines 3307--3311
[]\T1/ptm/m/n/10 Model used in cal-cu-la-tion, 'pbtk' for the mul-ti-ple com-pa
rt-ment model,'3compartment'
 []

[56]
Overfull \hbox (14.28706pt too wide) in paragraph at lines 3404--3406
[]\T1/ptm/m/n/10 Chemical pa-ram-e-ters from pa-ram-e-ter-ize_steadystate func-
tion, over-rides chem.name
 []

[57]
Overfull \hbox (4.66682pt too wide) in paragraph at lines 3426--3428
[]\T1/ptm/m/n/10 Additional pa-ram-e-ters passed to pa-ram-e-ter-ize_steadystat
e if pa-ram-e-ters is NULL. 
 []

[58]
Overfull \hbox (6.7091pt too wide) in paragraph at lines 3484--3486
[]\T1/ptm/m/n/10 EPA's DSSTox Struc-ture ID ([][]$\T1/zi4/m/n/10 https : / / co
mptox . epa . gov / dashboard$[][]\T1/ptm/m/n/10 ) the chem-
 []


Overfull \hbox (40.88672pt too wide) in paragraph at lines 3487--3489
[]\T1/ptm/m/n/10 Parameters from pa-ram-e-ter-ize_3comp, pa-ram-e-ter-ize_pbtk 
or pre-dict_partitioning_schmitt. 
 []

[59] [60] [61]
Overfull \hbox (11.2272pt too wide) in paragraph at lines 3645--3649
[]\T1/ptm/m/n/10 Della Paschoa OE, Man-dema JW, Voskuyl RA, Dan-hof M (1998). P
harmacokinetic-pharmacodynamic
 []


Overfull \hbox (12.04703pt too wide) in paragraph at lines 3714--3717
[]\T1/ptm/m/n/10 Okiyama M, Ueno K, Ohmori S, Igarashi T, Kita-gawa H (1988). D
rug in-ter-ac-tions be-tween imipramine
 []


Overfull \hbox (0.44673pt too wide) in paragraph at lines 3718--3722
[]\T1/ptm/m/n/10 Pelissier-Alicot AL, Schreiber-Deturmeny E, Si-mon N, Gan-ten-
bein M, Bruguerolle B (2002). Time-
 []

[62] [63] [64]
Overfull \hbox (11.2272pt too wide) in paragraph at lines 3856--3860
[]\T1/ptm/m/n/10 Della Paschoa OE, Man-dema JW, Voskuyl RA, Dan-hof M (1998). P
harmacokinetic-pharmacodynamic
 []


Overfull \hbox (12.04703pt too wide) in paragraph at lines 3925--3928
[]\T1/ptm/m/n/10 Okiyama M, Ueno K, Ohmori S, Igarashi T, Kita-gawa H (1988). D
rug in-ter-ac-tions be-tween imipramine
 []


Overfull \hbox (0.44673pt too wide) in paragraph at lines 3929--3933
[]\T1/ptm/m/n/10 Pelissier-Alicot AL, Schreiber-Deturmeny E, Si-mon N, Gan-ten-
bein M, Bruguerolle B (2002). Time-
 []

[65] [66]
Overfull \hbox (72.23604pt too wide) in paragraph at lines 4040--4042
[]\T1/ptm/m/n/10 CDC (2014). Na-tional Health and Nu-tri-tion Ex-am-i-na-tion S
ur-vey. Avail-able at: https://www.cdc.gov/nchs/nhanes.htm. 
 []


Overfull \hbox (136.86023pt too wide) in alignment at lines 4116--4116
 [] [] [] 
 []

[67] [68]
Overfull \hbox (41.80623pt too wide) in paragraph at lines 4146--4150
[]\T1/ptm/m/n/10 All species-specific in-for-ma-tion is ini-tially from ex-per-
i-men-tal mea-sure-ments. The func-tions [][]\T1/zi4/m/n/10 load_sipes2017[][][
]\T1/ptm/m/n/10 ,
 []

[69] [70] [71] [72]
Overfull \hbox (1.7091pt too wide) in paragraph at lines 4434--4437
[]\T1/ptm/m/n/10 EPA's DSSTox Struc-ture ID ([][]$\T1/zi4/m/n/10 http : / / com
ptox . epa . gov / dashboard$[][]\T1/ptm/m/n/10 ) the chem-
 []

[73]
LaTeX Font Info:    Try loading font information for TS1+ptm on input line 4466
.
 ("C:\Program Files\MiKTeX 2.9\tex/latex/psnfss\ts1ptm.fd"
File: ts1ptm.fd 2001/06/04 font definitions for TS1/ptm.
)
Overfull \hbox (32.27168pt too wide) in paragraph at lines 4491--4491
 []\T1/zi4/m/n/9 # Compare with https://www3.epa.gov/ceampubl/learn2model/part-
two/onsite/ia_unit_conversion.html[] 
 []

[74]
Overfull \hbox (9.72977pt too wide) in paragraph at lines 4532--4532
 []    \T1/zi4/m/n/10 fup.censored.dist = FALSE, fup.lod = 0.01, fup.meas.cv = 
0.4, clint.meas.cv = 0.3,[] 
 []


Overfull \hbox (4.75021pt too wide) in paragraph at lines 4541--4541
 []  \T1/zi4/m/n/10 parameterize.arg.list = list(restrictive.clearance = T, def
ault.to.human = FALSE,[] 
 []


Overfull \hbox (24.58707pt too wide) in paragraph at lines 4571--4576
[]\T1/ptm/m/n/10 Model used in cal-cu-la-tion: 'pbtk' for the mul-ti-ple com-pa
rt-ment model,'3compartment'
 []

[75] [76] [77] [78] [79] [80]
Overfull \hbox (50.28088pt too wide) in paragraph at lines 4894--4894
 []\T1/zi4/m/n/9 export_pbtk_jarnac(chem.name=\TS1/zi4/m/n/9 '\T1/zi4/m/n/9 Nic
otine\TS1/zi4/m/n/9 '\T1/zi4/m/n/9 ,initial.amounts=list(Agutlumen=1),filename=
\TS1/zi4/m/n/9 '\T1/zi4/m/n/9 PBTKmodel.jan\TS1/zi4/m/n/9 '\T1/zi4/m/n/9 )[] 
 []

[81]
Overfull \hbox (41.28088pt too wide) in paragraph at lines 4958--4958
 []\T1/zi4/m/n/9 export_pbtk_sbml(chem.name=\TS1/zi4/m/n/9 '\T1/zi4/m/n/9 Nicot
ine\TS1/zi4/m/n/9 '\T1/zi4/m/n/9 ,initial.amounts=list(Agutlumen=1),filename=\T
S1/zi4/m/n/9 '\T1/zi4/m/n/9 PBTKmodel.xml\TS1/zi4/m/n/9 '\T1/zi4/m/n/9 )[] 
 []

[82]
LaTeX Font Info:    Font shape `TS1/zi4/m/n' will be
(Font)              scaled to size 10.0pt on input line 5034.

Overfull \hbox (197.34796pt too wide) in paragraph at lines 5038--5041
[]\T1/ptm/m/n/10 Optional: The weight cat-e-gories to in-clude in the pop-u-la-
tion. De-fault is \T1/zi4/m/n/10 c(\TS1/zi4/m/n/10 '\T1/zi4/m/n/10 Underweight\
TS1/zi4/m/n/10 '\T1/zi4/m/n/10 ,\TS1/zi4/m/n/10 '\T1/zi4/m/n/10 Normal\TS1/zi4/
m/n/10 '\T1/zi4/m/n/10 ,\TS1/zi4/m/n/10 '\T1/zi4/m/n/10 Overweight\TS1/zi4/m/n/
10 '\T1/zi4/m/n/10 ,\TS1/zi4/m/n/10 '\T1/zi4/m/n/10 Obese\TS1/zi4/m/n/10 '\T1/z
i4/m/n/10 )\T1/ptm/m/n/10 .
 []

[83] [84]
Overfull \hbox (37.40802pt too wide) in paragraph at lines 5181--5185
\T1/ptm/m/n/10 "CAS", "DTXSID, "logP", "pKa_Donor"," pKa_Accept", "MW", "Clint"
, "Clint.pValue",
 []


Overfull \hbox (3.78809pt too wide) in paragraph at lines 5181--5185
\T1/ptm/m/n/10 "Fun-bound.plasma","Structure_Formula", or "Sub-stance_Type". in
fo="all" gives
 []

[85] [86]
Overfull \hbox (101.16078pt too wide) in alignment at lines 5271--5271
 [] [] [] 
 []

[87] [88] [89]
Overfull \hbox (6.7091pt too wide) in paragraph at lines 5455--5457
[]\T1/ptm/m/n/10 EPA's DSSTox Struc-ture ID ([][]$\T1/zi4/m/n/10 https : / / co
mptox . epa . gov / dashboard$[][]\T1/ptm/m/n/10 ) the chem-
 []


Overfull \hbox (102.09758pt too wide) in paragraph at lines 5486--5495
\T1/ptm/m/n/10 "CAS", "MW", "Raw.Experimental.Percentage.Unbound", "En-tered.Ex
perimental.Percentage.Unbound",
 []


Overfull \hbox (9.4077pt too wide) in paragraph at lines 5486--5495
\T1/ptm/m/n/10 "Fub", "source_PPB", "Re-nal_Clearance", "Met_Stab", "Met_Stab_e
ntered", "r2",
 []


Overfull \hbox (34.10785pt too wide) in paragraph at lines 5486--5495
\T1/ptm/m/n/10 "p.val", "Con-cen-tra-tion..uM.", "Css_lower_5th_perc.mg.L.", "C
ss_median_perc.mg.L.",
 []


Overfull \hbox (137.24718pt too wide) in paragraph at lines 5486--5495
\T1/ptm/m/n/10 "Css_upper_95th_perc.mg.L.", "Css_lower_5th_perc.uM.","Css_media
n_perc.uM.","Css_upper_95th_perc.uM.",
 []

[90] [91] [92] [93]
Underfull \hbox (badness 10000) in paragraph at lines 5744--5744
[]\T1/ptm/m/it/10 Get physico-chemical pa-ram-e-ters from
 []


Overfull \hbox (12.4566pt too wide) in paragraph at lines 5747--5749
[]\T1/ptm/m/n/10 This func-tion re-trieves physico-chemical prop-er-ties ("para
m") for the chem-i-cal spec-i-fied by chem.name
 []

[94] [95] [96] [97] [98]
Overfull \hbox (3.53699pt too wide) in paragraph at lines 6070--6084
[]\T1/ptm/m/n/10 HTTK-Pop's cor-re-lated MC ap-proach be-gins by sam-pling from
 the joint dis-tri-bu-tion of the NHANES
 []

[99] [100] [101] [102] [103] [104]
Overfull \hbox (197.34796pt too wide) in paragraph at lines 6442--6445
[]\T1/ptm/m/n/10 Optional: The weight cat-e-gories to in-clude in the pop-u-la-
tion. De-fault is \T1/zi4/m/n/10 c(\TS1/zi4/m/n/10 '\T1/zi4/m/n/10 Underweight\
TS1/zi4/m/n/10 '\T1/zi4/m/n/10 ,\TS1/zi4/m/n/10 '\T1/zi4/m/n/10 Normal\TS1/zi4/
m/n/10 '\T1/zi4/m/n/10 ,\TS1/zi4/m/n/10 '\T1/zi4/m/n/10 Overweight\TS1/zi4/m/n/
10 '\T1/zi4/m/n/10 ,\TS1/zi4/m/n/10 '\T1/zi4/m/n/10 Obese\TS1/zi4/m/n/10 '\T1/z
i4/m/n/10 )\T1/ptm/m/n/10 .
 []


Overfull \hbox (49.34843pt too wide) in paragraph at lines 6446--6449
[]\T1/ptm/m/n/10 The kid-ney func-tion cat-e-gories to in-clude in the pop-u-la
-tion. De-fault is \T1/zi4/m/n/10 c(\TS1/zi4/m/n/10 '\T1/zi4/m/n/10 Normal\TS1/
zi4/m/n/10 '\T1/zi4/m/n/10 ,\TS1/zi4/m/n/10 '\T1/zi4/m/n/10 Kidney
 []

[105]
Overfull \hbox (197.34796pt too wide) in paragraph at lines 6525--6528
[]\T1/ptm/m/n/10 Optional: The weight cat-e-gories to in-clude in the pop-u-la-
tion. De-fault is \T1/zi4/m/n/10 c(\TS1/zi4/m/n/10 '\T1/zi4/m/n/10 Underweight\
TS1/zi4/m/n/10 '\T1/zi4/m/n/10 ,\TS1/zi4/m/n/10 '\T1/zi4/m/n/10 Normal\TS1/zi4/
m/n/10 '\T1/zi4/m/n/10 ,\TS1/zi4/m/n/10 '\T1/zi4/m/n/10 Overweight\TS1/zi4/m/n/
10 '\T1/zi4/m/n/10 ,\TS1/zi4/m/n/10 '\T1/zi4/m/n/10 Obese\TS1/zi4/m/n/10 '\T1/z
i4/m/n/10 )\T1/ptm/m/n/10 .
 []

[106]
Overfull \hbox (1.56001pt too wide) in paragraph at lines 6589--6596
\T1/ptm/m/n/10 e.g. \T1/zi4/m/n/10 agelim_years=3 \T1/ptm/m/n/10 is equiv-a-len
t to \T1/zi4/m/n/10 agelim_years=c(3,3)\T1/ptm/m/n/10 . If \T1/zi4/m/n/10 ageli
m_years
 []

[107]
Overfull \hbox (197.34796pt too wide) in paragraph at lines 6606--6609
[]\T1/ptm/m/n/10 Optional: The weight cat-e-gories to in-clude in the pop-u-la-
tion. De-fault is \T1/zi4/m/n/10 c(\TS1/zi4/m/n/10 '\T1/zi4/m/n/10 Underweight\
TS1/zi4/m/n/10 '\T1/zi4/m/n/10 ,\TS1/zi4/m/n/10 '\T1/zi4/m/n/10 Normal\TS1/zi4/
m/n/10 '\T1/zi4/m/n/10 ,\TS1/zi4/m/n/10 '\T1/zi4/m/n/10 Overweight\TS1/zi4/m/n/
10 '\T1/zi4/m/n/10 ,\TS1/zi4/m/n/10 '\T1/zi4/m/n/10 Obese\TS1/zi4/m/n/10 '\T1/z
i4/m/n/10 )\T1/ptm/m/n/10 .
 []


Overfull \hbox (49.34843pt too wide) in paragraph at lines 6610--6613
[]\T1/ptm/m/n/10 The kid-ney func-tion cat-e-gories to in-clude in the pop-u-la
-tion. De-fault is \T1/zi4/m/n/10 c(\TS1/zi4/m/n/10 '\T1/zi4/m/n/10 Normal\TS1/
zi4/m/n/10 '\T1/zi4/m/n/10 ,\TS1/zi4/m/n/10 '\T1/zi4/m/n/10 Kidney
 []


Overfull \hbox (3.94641pt too wide) in paragraph at lines 6620--6621
[]\T1/ptm/m/n/10 TRUE to add resid-ual vari-abil-ity to GFR pre-dicted from ser
um cre-a-ti-nine; FALSE
 []

[108] [109]
Overfull \hbox (197.34796pt too wide) in paragraph at lines 6781--6784
[]\T1/ptm/m/n/10 Optional: The weight cat-e-gories to in-clude in the pop-u-la-
tion. De-fault is \T1/zi4/m/n/10 c(\TS1/zi4/m/n/10 '\T1/zi4/m/n/10 Underweight\
TS1/zi4/m/n/10 '\T1/zi4/m/n/10 ,\TS1/zi4/m/n/10 '\T1/zi4/m/n/10 Normal\TS1/zi4/
m/n/10 '\T1/zi4/m/n/10 ,\TS1/zi4/m/n/10 '\T1/zi4/m/n/10 Overweight\TS1/zi4/m/n/
10 '\T1/zi4/m/n/10 ,\TS1/zi4/m/n/10 '\T1/zi4/m/n/10 Obese\TS1/zi4/m/n/10 '\T1/z
i4/m/n/10 )\T1/ptm/m/n/10 .
 []


Overfull \hbox (49.34843pt too wide) in paragraph at lines 6785--6788
[]\T1/ptm/m/n/10 The kid-ney func-tion cat-e-gories to in-clude in the pop-u-la
-tion. De-fault is \T1/zi4/m/n/10 c(\TS1/zi4/m/n/10 '\T1/zi4/m/n/10 Normal\TS1/
zi4/m/n/10 '\T1/zi4/m/n/10 ,\TS1/zi4/m/n/10 '\T1/zi4/m/n/10 Kidney
 []

[110]
Overfull \hbox (204.7769pt too wide) in paragraph at lines 6844--6848
\T1/ptm/m/n/10 poCast", "NHANES", ""NHANES.serum.parent", "NHANES.serum.analyte
","NHANES.blood.parent","NHANES.blood.analyte",
 []

[111]
Overfull \hbox (72.23604pt too wide) in paragraph at lines 6901--6903
[]\T1/ptm/m/n/10 CDC (2014). Na-tional Health and Nu-tri-tion Ex-am-i-na-tion S
ur-vey. Avail-able at: https://www.cdc.gov/nchs/nhanes.htm. 
 []

[112] [113]
Overfull \hbox (7.43646pt too wide) in paragraph at lines 7006--7008
[]\T1/ptm/m/n/10 A list of chemical-specific model pa-ram-e-ters con-tain-ing a
t least Fun-bound.plasma,
 []

[114]
Overfull \hbox (72.23604pt too wide) in paragraph at lines 7110--7112
[]\T1/ptm/m/n/10 CDC (2014). Na-tional Health and Nu-tri-tion Ex-am-i-na-tion S
ur-vey. Avail-able at: https://www.cdc.gov/nchs/nhanes.htm. 
 []

[115] [116] [117]
Overfull \hbox (1.43803pt too wide) in paragraph at lines 7319--7325
\T1/ptm/m/n/10 chem.physical_and_invitro.data will be re-placed by any data/pre
dictions in Daw-
 []

[118]
Overfull \hbox (4.3678pt too wide) in paragraph at lines 7326--7329
[]\T1/ptm/m/n/10 Include the chem-i-cals only within the ap-pli-ca-bil-ity do-m
ain. If exlude_oad=TRUE
 []

[119]
Overfull \hbox (1.04776pt too wide) in paragraph at lines 7378--7384
\T1/ptm/m/n/10 chem.physical_and_invitro.data will be re-placed by any data/pre
dictions in Sipes
 []

[120] [121] [122] [123] [124] [125] [126] [127] [128] [129]
Overfull \hbox (10.71732pt too wide) in paragraph at lines 7981--7985
\T1/ptm/m/n/10 cor-rec-tion for un-bound frac-tion in hep-a-to-cyte in-cu-ba-ti
ons us-ing mi-cro-so-mal bind-ing or drug lipophilic-
 []

[130]
Overfull \hbox (0.48734pt too wide) in paragraph at lines 8047--8049
[]\T1/ptm/m/n/10 Hepatic clear-ances with clear-ance as-says hav-ing p-values g
reater than the thresh-
 []

[131]
Overfull \hbox (10.71732pt too wide) in paragraph at lines 8108--8112
\T1/ptm/m/n/10 cor-rec-tion for un-bound frac-tion in hep-a-to-cyte in-cu-ba-ti
ons us-ing mi-cro-so-mal bind-ing or drug lipophilic-
 []

[132]
Overfull \hbox (6.39984pt too wide) in paragraph at lines 8140--8140
 []  \T1/zi4/m/n/10 tissuelist = list(liver = c("liver"), kidney = c("kidney"),
 lung = c("lung"), gut =[] 
 []


Overfull \hbox (6.7091pt too wide) in paragraph at lines 8167--8169
[]\T1/ptm/m/n/10 EPA's DSSTox Struc-ture ID ([][]$\T1/zi4/m/n/10 https : / / co
mptox . epa . gov / dashboard$[][]\T1/ptm/m/n/10 ) the chem-
 []

[133] [134] [135]
Overfull \hbox (10.71732pt too wide) in paragraph at lines 8294--8298
\T1/ptm/m/n/10 cor-rec-tion for un-bound frac-tion in hep-a-to-cyte in-cu-ba-ti
ons us-ing mi-cro-so-mal bind-ing or drug lipophilic-
 []


Overfull \hbox (6.39984pt too wide) in paragraph at lines 8336--8336
 []  \T1/zi4/m/n/10 tissuelist = list(liver = c("liver"), kidney = c("kidney"),
 lung = c("lung"), gut =[] 
 []

[136] [137] [138]
Overfull \hbox (10.71732pt too wide) in paragraph at lines 8445--8449
\T1/ptm/m/n/10 cor-rec-tion for un-bound frac-tion in hep-a-to-cyte in-cu-ba-ti
ons us-ing mi-cro-so-mal bind-ing or drug lipophilic-
 []


Overfull \hbox (21.73181pt too wide) in paragraph at lines 8458--8458
 [] \T1/zi4/m/n/9 # Change the tissue lumping (note, these model parameters wil
l not work with our current solver):[] 
 []

[139] [140]
Overfull \hbox (0.48734pt too wide) in paragraph at lines 8614--8616
[]\T1/ptm/m/n/10 Hepatic clear-ances with clear-ance as-says hav-ing p-values g
reater than the thresh-
 []

[141]
Overfull \hbox (10.71732pt too wide) in paragraph at lines 8670--8674
\T1/ptm/m/n/10 cor-rec-tion for un-bound frac-tion in hep-a-to-cyte in-cu-ba-ti
ons us-ing mi-cro-so-mal bind-ing or drug lipophilic-
 []

[142] [143] [144] [145]
Overfull \hbox (8.08014pt too wide) in paragraph at lines 8885--8885
 []  \T1/zi4/m/n/10 regression.list = c("brain", "adipose", "gut", "heart", "ki
dney", "liver", "lung",[] 
 []


Overfull \hbox (6.7091pt too wide) in paragraph at lines 8902--8904
[]\T1/ptm/m/n/10 EPA's DSSTox Struc-ture ID ([][]$\T1/zi4/m/n/10 https : / / co
mptox . epa . gov / dashboard$[][]\T1/ptm/m/n/10 ) the chem-
 []

[146]
Overfull \hbox (7.3886pt too wide) in paragraph at lines 8914--8916
[]\T1/ptm/m/n/10 Chemical pa-ram-e-ters from [][]\T1/zi4/m/n/10 parameterize_sc
hmitt[][][] \T1/ptm/m/n/10 over-rides chem.name, dtxsid,
 []

[147] [148] [149] [150] [151] [152]
Overfull \hbox (0.57959pt too wide) in paragraph at lines 9302--9308
\T1/zi4/m/n/10 chemical-[]research / toxicology-[]testing-[]21st-[]century-[]to
x21$[][]\T1/ptm/m/n/10 ). Pre-dic-tions were made with
 []

[153] [154] [155] [156]
Overfull \hbox (10.03906pt too wide) in paragraph at lines 9520--9522
[]\T1/ptm/m/n/10 EPA's 'DSSTox Struc-ture ID ([][]$\T1/zi4/m/n/10 https : / / c
omptox . epa . gov / dashboard$[][]\T1/ptm/m/n/10 ) the chem-
 []

[157]

pdfTeX warning: pdflatex (file C:/Users/jwambaug/git/httk/httk/man/figures/1com
p.pdf): PDF inclusion: found PDF version <1.6>, but at most version <1.5> allow
ed
<"C:/Users/jwambaug/git/httk/httk/man/figures/"1comp.pdf, id=2409, 280.08641pt 
x 379.46768pt>
File: "C:/Users/jwambaug/git/httk/httk/man/figures/"1comp.pdf Graphic file (typ
e pdf)
<use "C:/Users/jwambaug/git/httk/httk/man/figures/"1comp.pdf>
Package pdftex.def Info: "C:/Users/jwambaug/git/httk/httk/man/figures/"1comp.pd
f  used on input line 9608.
(pdftex.def)             Requested size: 341.43306pt x 462.61986pt.

Underfull \vbox (badness 10000) has occurred while \output is active []

 [158]
[159 <C:/Users/jwambaug/git/httk/httk/man/figures/1comp.pdf>] [160]
Overfull \hbox (10.03906pt too wide) in paragraph at lines 9690--9692
[]\T1/ptm/m/n/10 EPA's 'DSSTox Struc-ture ID ([][]$\T1/zi4/m/n/10 https : / / c
omptox . epa . gov / dashboard$[][]\T1/ptm/m/n/10 ) the chem-
 []


Overfull \hbox (25.70638pt too wide) in paragraph at lines 9738--9740
[]\T1/ptm/m/n/10 Recalculates the the hep-atic clear-ance (Cl-metabolism) with 
new mil-lion.cells.per.gliver
 []

[161]

pdfTeX warning: pdflatex (file C:/Users/jwambaug/git/httk/httk/man/figures/3com
p.pdf): PDF inclusion: found PDF version <1.6>, but at most version <1.5> allow
ed
<"C:/Users/jwambaug/git/httk/httk/man/figures/"3comp.pdf, id=2437, 316.97423pt 
x 420.88242pt>
File: "C:/Users/jwambaug/git/httk/httk/man/figures/"3comp.pdf Graphic file (typ
e pdf)
<use "C:/Users/jwambaug/git/httk/httk/man/figures/"3comp.pdf>
Package pdftex.def Info: "C:/Users/jwambaug/git/httk/httk/man/figures/"3comp.pd
f  used on input line 9777.
(pdftex.def)             Requested size: 341.43306pt x 453.36456pt.

Underfull \vbox (badness 4660) has occurred while \output is active []

 [162 <C:/Users/jwambaug/git/httk/httk/man/figures/3comp.pdf>] [163]
Overfull \hbox (6.7091pt too wide) in paragraph at lines 9874--9876
[]\T1/ptm/m/n/10 EPA's DSSTox Struc-ture ID ([][]$\T1/zi4/m/n/10 https : / / co
mptox . epa . gov / dashboard$[][]\T1/ptm/m/n/10 ) the chem-
 []

[164]
Overfull \hbox (11.58652pt too wide) in paragraph at lines 9942--9944
[]\T1/ptm/m/n/10 Recalculates the hep-atic clear-ance (Cl-metabolism) with new 
mil-lion.cells.per.gliver
 []


Overfull \hbox (1.008pt too wide) in paragraph at lines 9958--9962
\T1/ptm/m/n/10 vides "Cgut", "Cliver", "Cven", "Clung", "Cart", "Crest", "Ck-id
-ney", "Cplasma",
 []

[165]

pdfTeX warning: pdflatex (file C:/Users/jwambaug/git/httk/httk/man/figures/gasp
btk.pdf): PDF inclusion: found PDF version <1.7>, but at most version <1.5> all
owed
<"C:/Users/jwambaug/git/httk/httk/man/figures/"gaspbtk.pdf, id=2466, 614.295pt 
x 794.97pt>
File: "C:/Users/jwambaug/git/httk/httk/man/figures/"gaspbtk.pdf Graphic file (t
ype pdf)
<use "C:/Users/jwambaug/git/httk/httk/man/figures/"gaspbtk.pdf>
Package pdftex.def Info: "C:/Users/jwambaug/git/httk/httk/man/figures/"gaspbtk.
pdf  used on input line 10015.
(pdftex.def)             Requested size: 341.43306pt x 441.85648pt.

Underfull \vbox (badness 10000) has occurred while \output is active []

 [166]
Overfull \hbox (82.97852pt too wide) in alignment at lines 10025--10025
 [] [] [] [] [] 
 []


Underfull \vbox (badness 10000) has occurred while \output is active []

 [167 <C:/Users/jwambaug/git/httk/httk/man/figures/gaspbtk.pdf>] [168]
Overfull \hbox (24.75021pt too wide) in paragraph at lines 10109--10109
 []  \T1/zi4/m/n/10 parameterize.arg.list = list(default.to.human = FALSE, clin
t.pvalue.threshold = 0.05,[] 
 []


Overfull \hbox (1.7091pt too wide) in paragraph at lines 10124--10126
[]\T1/ptm/m/n/10 EPA's DSSTox Struc-ture ID ([][]$\T1/zi4/m/n/10 http : / / com
ptox . epa . gov / dashboard$[][]\T1/ptm/m/n/10 ) the chem-
 []


Overfull \hbox (7.58725pt too wide) in paragraph at lines 10133--10135
[]\T1/ptm/m/n/10 Specified model to use in sim-u-la-tion: "pbtk", "3com-part-me
nt", "3com-part-mentss",
 []

[169]
Overfull \hbox (25.70638pt too wide) in paragraph at lines 10186--10188
[]\T1/ptm/m/n/10 Recalculates the the hep-atic clear-ance (Cl-metabolism) with 
new mil-lion.cells.per.gliver
 []


Overfull \hbox (83.53857pt too wide) in alignment at lines 10238--10238
 [] [] [] [] [] 
 []

[170] [171] [172]
Overfull \hbox (6.7091pt too wide) in paragraph at lines 10318--10320
[]\T1/ptm/m/n/10 EPA's DSSTox Struc-ture ID ([][]$\T1/zi4/m/n/10 https : / / co
mptox . epa . gov / dashboard$[][]\T1/ptm/m/n/10 ) the chem-
 []


Overfull \hbox (25.70638pt too wide) in paragraph at lines 10363--10365
[]\T1/ptm/m/n/10 Recalculates the the hep-atic clear-ance (Cl-metabolism) with 
new mil-lion.cells.per.gliver
 []

[173]
Overfull \hbox (14.18805pt too wide) in paragraph at lines 10383--10386
\T1/ptm/m/n/10 pro-vides "Cgut", "Cliver", "Cven", "Clung", "Cart", "Crest", "C
k-id-ney", "Cplasma",
 []



pdfTeX warning: pdflatex (file C:/Users/jwambaug/git/httk/httk/man/figures/pbtk
.pdf): PDF inclusion: found PDF version <1.6>, but at most version <1.5> allowe
d
<"C:/Users/jwambaug/git/httk/httk/man/figures/"pbtk.pdf, id=2521, 276.32234pt x
 430.66898pt>
File: "C:/Users/jwambaug/git/httk/httk/man/figures/"pbtk.pdf Graphic file (type
 pdf)
<use "C:/Users/jwambaug/git/httk/httk/man/figures/"pbtk.pdf>
Package pdftex.def Info: "C:/Users/jwambaug/git/httk/httk/man/figures/"pbtk.pdf
  used on input line 10410.
(pdftex.def)             Requested size: 341.43306pt x 532.16429pt.

Underfull \vbox (badness 10000) has occurred while \output is active []

 [174]
[175 <C:/Users/jwambaug/git/httk/httk/man/figures/pbtk.pdf>] [176] [177]
[178] [179] [180] [181]
Overfull \hbox (18.22849pt too wide) in paragraph at lines 10801--10805
[]\T1/ptm/m/n/10 A data.table gen-er-ated by \T1/zi4/m/n/10 gen_age_height_weig
ht()\T1/ptm/m/n/10 , con-tain-ing vari-ables \T1/zi4/m/n/10 gender\T1/ptm/m/n/1
0 ,
 []

[182] [183] [184] [185] [186] [187] [188]
Overfull \hbox (14.78088pt too wide) in paragraph at lines 11171--11172
[][][]$\T1/zi4/m/n/10 ftp : / / newftp . epa . gov / COMPTOX / High _ Throughpu
t _ Screening _ Data / Previous _ Data / ToxCast _
 []

[189]
Overfull \hbox (64.30856pt too wide) in paragraph at lines 11234--11236
[]\T1/ptm/m/n/10 Armitage, J. M.; Wa-nia, F.; Arnot, J. A. En-v-i-ron. Sci. Tec
h-nol. 2014, 48, 9770-9779. dx.doi.org/10.1021/es501955g 
 []

[190] [191]
Overfull \hbox (13.02087pt too wide) in paragraph at lines 11358--11361
[][][]$\T1/zi4/m/n/10 https : / / www . cdc . gov / growthcharts / who / girls 
_ weight _ head _ circumference . htm$[][] \T1/ptm/m/n/10 and [][]$\T1/zi4/m/n/
10 https :
 []

(Rd2.ind [192] [193

] [194]

LaTeX Font Warning: Font shape `T1/zi4/m/it' undefined
(Font)              using `T1/zi4/m/n' instead on input line 268.

LaTeX Font Info:    Font shape `T1/zi4/m/it' will be
(Font)              scaled to size 10.0pt on input line 306.
[195] [196])
Package atveryend Info: Empty hook `BeforeClearDocument' on input line 11369.
Package atveryend Info: Empty hook `AfterLastShipout' on input line 11369.
 (Rd2.aux)
Package atveryend Info: Executing hook `AtVeryEndDocument' on input line 11369.

Package atveryend Info: Executing hook `AtEndAfterFileList' on input line 11369
.
Package rerunfilecheck Info: File `Rd2.out' has not changed.
(rerunfilecheck)             Checksum: B20004BD9CFA6E0E3FB2B36056371354;10777.


LaTeX Font Warning: Some font shapes were not available, defaults substituted.

Package atveryend Info: Empty hook `AtVeryVeryEnd' on input line 11369.
 ) 
Here is how much of TeX's memory you used:
 8194 strings out of 492895
 121318 string characters out of 3133470
 208654 words of memory out of 3000000
 10576 multiletter control sequences out of 15000+200000
 47591 words of font info for 57 fonts, out of 3000000 for 9000
 1141 hyphenation exceptions out of 8191
 38i,6n,37p,297b,591s stack positions out of 5000i,500n,10000p,200000b,50000s
pdfTeX warning (dest): name{Rfn.load.Rul.pradeep2020} has been referenced but
 does not exist, replaced by a fixed one

{C:/Users/jwambaug/AppData/Roaming/MiKTeX/2.9/fonts/enc/dvips/inconsolata/i4-ts
1.enc}{C:/Program Files/MiKTeX 2.9/fonts/enc/dvips/base/8r.enc}{C:/Users/jwamba
ug/AppData/Roaming/MiKTeX/2.9/fonts/enc/dvips/inconsolata/i4-t1-0.enc}<C:/Users
/jwambaug/AppData/Roaming/MiKTeX/2.9/fonts/type1/public/inconsolata/Inconsolata
-zi4r.pfb><C:/Program Files/MiKTeX 2.9/fonts/type1/public/amsfonts/cm/cmmi10.pf
b><C:/Program Files/MiKTeX 2.9/fonts/type1/public/amsfonts/cm/cmr10.pfb><C:/Pro
gram Files/MiKTeX 2.9/fonts/type1/public/amsfonts/cm/cmr7.pfb><C:/Program Files
/MiKTeX 2.9/fonts/type1/public/amsfonts/cm/cmsy10.pfb><C:/Program Files/MiKTeX 
2.9/fonts/type1/urw/helvetic/uhvr8a.pfb><C:/Program Files/MiKTeX 2.9/fonts/type
1/urw/times/utmb8a.pfb><C:/Program Files/MiKTeX 2.9/fonts/type1/urw/times/utmr8
a.pfb><C:/Program Files/MiKTeX 2.9/fonts/type1/urw/times/utmr8a.pfb><C:/Program
 Files/MiKTeX 2.9/fonts/type1/urw/times/utmri8a.pfb>
Output written on Rd2.pdf (196 pages, 957855 bytes).
PDF statistics:
 3430 PDF objects out of 3580 (max. 8388607)
 1410 named destinations out of 1440 (max. 500000)
 1173 words of extra memory for PDF output out of 10000 (max. 10000000)

