\BOOKMARK [1][-]{Rfn.httk.Rdash.package.1}{httk-package}{}% 1
\BOOKMARK [1][-]{Rfn.add.Rul.chemtable.1}{add\137chemtable}{}% 2
\BOOKMARK [1][-]{Rfn.age.Rul.dist.Rul.smooth.1}{age\137dist\137smooth}{}% 3
\BOOKMARK [1][-]{Rfn.age.Rul.draw.Rul.smooth.1}{age\137draw\137smooth}{}% 4
\BOOKMARK [1][-]{Rfn.armitage.Rul.estimate.Rul.sarea.1}{armitage\137estimate\137sarea}{}% 5
\BOOKMARK [1][-]{Rfn.armitage.Rul.eval.1}{armitage\137eval}{}% 6
\BOOKMARK [1][-]{Rfn.armitage.Rul.input.1}{armitage\137input}{}% 7
\BOOKMARK [1][-]{Rfn.augment.table.1}{augment.table}{}% 8
\BOOKMARK [1][-]{Rfn.available.Rul.rblood2plasma.1}{available\137rblood2plasma}{}% 9
\BOOKMARK [1][-]{Rfn.blood.Rul.mass.Rul.correct.1}{blood\137mass\137correct}{}% 10
\BOOKMARK [1][-]{Rfn.blood.Rul.weight.1}{blood\137weight}{}% 11
\BOOKMARK [1][-]{Rfn.bmiage.1}{bmiage}{}% 12
\BOOKMARK [1][-]{Rfn.body.Rul.surface.Rul.area.1}{body\137surface\137area}{}% 13
\BOOKMARK [1][-]{Rfn.bone.Rul.mass.Rul.age.1}{bone\137mass\137age}{}% 14
\BOOKMARK [1][-]{Rfn.brain.Rul.mass.1}{brain\137mass}{}% 15
\BOOKMARK [1][-]{Rfn.calc.Rul.analytic.Rul.css.1}{calc\137analytic\137css}{}% 16
\BOOKMARK [1][-]{Rfn.calc.Rul.analytic.Rul.css.Rul.1comp.1}{calc\137analytic\137css\1371comp}{}% 17
\BOOKMARK [1][-]{Rfn.calc.Rul.analytic.Rul.css.Rul.3comp.1}{calc\137analytic\137css\1373comp}{}% 18
\BOOKMARK [1][-]{Rfn.calc.Rul.analytic.Rul.css.Rul.3compss.1}{calc\137analytic\137css\1373compss}{}% 19
\BOOKMARK [1][-]{Rfn.calc.Rul.analytic.Rul.css.Rul.pbtk.1}{calc\137analytic\137css\137pbtk}{}% 20
\BOOKMARK [1][-]{Rfn.calc.Rul.css.1}{calc\137css}{}% 21
\BOOKMARK [1][-]{Rfn.calc.Rul.elimination.Rul.rate.1}{calc\137elimination\137rate}{}% 22
\BOOKMARK [1][-]{Rfn.calc.Rul.half.Rul.life.1}{calc\137half\137life}{}% 23
\BOOKMARK [1][-]{Rfn.calc.Rul.hepatic.Rul.clearance.1}{calc\137hepatic\137clearance}{}% 24
\BOOKMARK [1][-]{Rfn.calc.Rul.hep.Rul.bioavailability.1}{calc\137hep\137bioavailability}{}% 25
\BOOKMARK [1][-]{Rfn.calc.Rul.hep.Rul.clearance.1}{calc\137hep\137clearance}{}% 26
\BOOKMARK [1][-]{Rfn.calc.Rul.hep.Rul.fu.1}{calc\137hep\137fu}{}% 27
\BOOKMARK [1][-]{Rfn.calc.Rul.ionization.1}{calc\137ionization}{}% 28
\BOOKMARK [1][-]{Rfn.calc.Rul.krbc2pu.1}{calc\137krbc2pu}{}% 29
\BOOKMARK [1][-]{Rfn.calc.Rul.mc.Rul.css.1}{calc\137mc\137css}{}% 30
\BOOKMARK [1][-]{Rfn.calc.Rul.mc.Rul.oral.Rul.equiv.1}{calc\137mc\137oral\137equiv}{}% 31
\BOOKMARK [1][-]{Rfn.calc.Rul.mc.Rul.tk.1}{calc\137mc\137tk}{}% 32
\BOOKMARK [1][-]{Rfn.calc.Rul.rblood2plasma.1}{calc\137rblood2plasma}{}% 33
\BOOKMARK [1][-]{Rfn.calc.Rul.stats.1}{calc\137stats}{}% 34
\BOOKMARK [1][-]{Rfn.calc.Rul.tkstats.1}{calc\137tkstats}{}% 35
\BOOKMARK [1][-]{Rfn.calc.Rul.total.Rul.clearance.1}{calc\137total\137clearance}{}% 36
\BOOKMARK [1][-]{Rfn.calc.Rul.vdist.1}{calc\137vdist}{}% 37
\BOOKMARK [1][-]{Rfn.chem.invivo.PK.aggregate.data.1}{chem.invivo.PK.aggregate.data}{}% 38
\BOOKMARK [1][-]{Rfn.chem.invivo.PK.data.1}{chem.invivo.PK.data}{}% 39
\BOOKMARK [1][-]{Rfn.chem.invivo.PK.summary.data.1}{chem.invivo.PK.summary.data}{}% 40
\BOOKMARK [1][-]{Rfn.chem.lists.1}{chem.lists}{}% 41
\BOOKMARK [1][-]{Rfn.chem.physical.Rul.and.Rul.invitro.data.1}{chem.physical\137and\137invitro.data}{}% 42
\BOOKMARK [1][-]{Rfn.ckd.Rul.epi.Rul.eq.1}{ckd\137epi\137eq}{}% 43
\BOOKMARK [1][-]{Rfn.concentration.Rul.data.Rul.Linakis2020.1}{concentration\137data\137Linakis2020}{}% 44
\BOOKMARK [1][-]{Rfn.convert.Rul.httkpop.Rul.1comp.1}{convert\137httkpop\1371comp}{}% 45
\BOOKMARK [1][-]{Rfn.convert.Rul.units.1}{convert\137units}{}% 46
\BOOKMARK [1][-]{Rfn.create.Rul.mc.Rul.samples.1}{create\137mc\137samples}{}% 47
\BOOKMARK [1][-]{Rfn.dawson2021.1}{dawson2021}{}% 48
\BOOKMARK [1][-]{Rfn.EPA.ref.1}{EPA.ref}{}% 49
\BOOKMARK [1][-]{Rfn.estimate.Rul.gfr.1}{estimate\137gfr}{}% 50
\BOOKMARK [1][-]{Rfn.estimate.Rul.gfr.Rul.ped.1}{estimate\137gfr\137ped}{}% 51
\BOOKMARK [1][-]{Rfn.estimate.Rul.hematocrit.1}{estimate\137hematocrit}{}% 52
\BOOKMARK [1][-]{Rfn.export.Rul.pbtk.Rul.jarnac.1}{export\137pbtk\137jarnac}{}% 53
\BOOKMARK [1][-]{Rfn.export.Rul.pbtk.Rul.sbml.1}{export\137pbtk\137sbml}{}% 54
\BOOKMARK [1][-]{Rfn.Frank2018invivo.1}{Frank2018invivo}{}% 55
\BOOKMARK [1][-]{Rfn.gen.Rul.age.Rul.height.Rul.weight.1}{gen\137age\137height\137weight}{}% 56
\BOOKMARK [1][-]{Rfn.gen.Rul.height.Rul.weight.1}{gen\137height\137weight}{}% 57
\BOOKMARK [1][-]{Rfn.gen.Rul.serum.Rul.creatinine.1}{gen\137serum\137creatinine}{}% 58
\BOOKMARK [1][-]{Rfn.get.Rul.cheminfo.1}{get\137cheminfo}{}% 59
\BOOKMARK [1][-]{Rfn.get.Rul.chem.Rul.id.1}{get\137chem\137id}{}% 60
\BOOKMARK [1][-]{Rfn.get.Rul.gfr.Rul.category.1}{get\137gfr\137category}{}% 61
\BOOKMARK [1][-]{Rfn.get.Rul.invitroPK.Rul.param.1}{get\137invitroPK\137param}{}% 62
\BOOKMARK [1][-]{Rfn.get.Rul.lit.Rul.cheminfo.1}{get\137lit\137cheminfo}{}% 63
\BOOKMARK [1][-]{Rfn.get.Rul.lit.Rul.css.1}{get\137lit\137css}{}% 64
\BOOKMARK [1][-]{Rfn.get.Rul.lit.Rul.oral.Rul.equiv.1}{get\137lit\137oral\137equiv}{}% 65
\BOOKMARK [1][-]{Rfn.get.Rul.physchem.Rul.param.1}{get\137physchem\137param}{}% 66
\BOOKMARK [1][-]{Rfn.get.Rul.rblood2plasma.1}{get\137rblood2plasma}{}% 67
\BOOKMARK [1][-]{Rfn.get.Rul.weight.Rul.class.1}{get\137weight\137class}{}% 68
\BOOKMARK [1][-]{Rfn.hematocrit.Rul.infants.1}{hematocrit\137infants}{}% 69
\BOOKMARK [1][-]{Rfn.honda.ivive.1}{honda.ivive}{}% 70
\BOOKMARK [1][-]{Rfn.howgate.1}{howgate}{}% 71
\BOOKMARK [1][-]{Rfn.httkpop.1}{httkpop}{}% 72
\BOOKMARK [1][-]{Rfn.httkpop.Rul.biotophys.Rul.default.1}{httkpop\137biotophys\137default}{}% 73
\BOOKMARK [1][-]{Rfn.httkpop.Rul.direct.Rul.resample.1}{httkpop\137direct\137resample}{}% 74
\BOOKMARK [1][-]{Rfn.httkpop.Rul.direct.Rul.resample.Rul.inner.1}{httkpop\137direct\137resample\137inner}{}% 75
\BOOKMARK [1][-]{Rfn.httkpop.Rul.generate.1}{httkpop\137generate}{}% 76
\BOOKMARK [1][-]{Rfn.httkpop.Rul.mc.1}{httkpop\137mc}{}% 77
\BOOKMARK [1][-]{Rfn.httkpop.Rul.virtual.Rul.indiv.1}{httkpop\137virtual\137indiv}{}% 78
\BOOKMARK [1][-]{Rfn.in.list.1}{in.list}{}% 79
\BOOKMARK [1][-]{Rfn.invitro.Rul.mc.1}{invitro\137mc}{}% 80
\BOOKMARK [1][-]{Rfn.is.httk.1}{is.httk}{}% 81
\BOOKMARK [1][-]{Rfn.is.Rul.in.Rul.inclusive.1}{is\137in\137inclusive}{}% 82
\BOOKMARK [1][-]{Rfn.johnson.1}{johnson}{}% 83
\BOOKMARK [1][-]{Rfn.kidney.Rul.mass.Rul.children.1}{kidney\137mass\137children}{}% 84
\BOOKMARK [1][-]{Rfn.liver.Rul.mass.Rul.children.1}{liver\137mass\137children}{}% 85
\BOOKMARK [1][-]{Rfn.load.Rul.dawson2021.1}{load\137dawson2021}{}% 86
\BOOKMARK [1][-]{Rfn.load.Rul.sipes2017.1}{load\137sipes2017}{}% 87
\BOOKMARK [1][-]{Rfn.lump.Rul.tissues.1}{lump\137tissues}{}% 88
\BOOKMARK [1][-]{Rfn.lung.Rul.mass.Rul.children.1}{lung\137mass\137children}{}% 89
\BOOKMARK [1][-]{Rfn.mcnally.Rul.dt.1}{mcnally\137dt}{}% 90
\BOOKMARK [1][-]{Rfn.metabolism.Rul.data.Rul.Linakis2020.1}{metabolism\137data\137Linakis2020}{}% 91
\BOOKMARK [1][-]{Rfn.monte.Rul.carlo.1}{monte\137carlo}{}% 92
\BOOKMARK [1][-]{Rfn.nhanes.Rul.mec.Rul.svy.1}{nhanes\137mec\137svy}{}% 93
\BOOKMARK [1][-]{Rfn.Obach2008.1}{Obach2008}{}% 94
\BOOKMARK [1][-]{Rfn.onlyp.1}{onlyp}{}% 95
\BOOKMARK [1][-]{Rfn.pancreas.Rul.mass.Rul.children.1}{pancreas\137mass\137children}{}% 96
\BOOKMARK [1][-]{Rfn.parameterize.Rul.1comp.1}{parameterize\1371comp}{}% 97
\BOOKMARK [1][-]{Rfn.parameterize.Rul.3comp.1}{parameterize\1373comp}{}% 98
\BOOKMARK [1][-]{Rfn.parameterize.Rul.gas.Rul.pbtk.1}{parameterize\137gas\137pbtk}{}% 99
\BOOKMARK [1][-]{Rfn.parameterize.Rul.pbtk.1}{parameterize\137pbtk}{}% 100
\BOOKMARK [1][-]{Rfn.parameterize.Rul.schmitt.1}{parameterize\137schmitt}{}% 101
\BOOKMARK [1][-]{Rfn.parameterize.Rul.steadystate.1}{parameterize\137steadystate}{}% 102
\BOOKMARK [1][-]{Rfn.pc.data.1}{pc.data}{}% 103
\BOOKMARK [1][-]{Rfn.pearce2017regression.1}{pearce2017regression}{}% 104
\BOOKMARK [1][-]{Rfn.pharma.1}{pharma}{}% 105
\BOOKMARK [1][-]{Rfn.physiology.data.1}{physiology.data}{}% 106
\BOOKMARK [1][-]{Rfn.predict.Rul.partitioning.Rul.schmitt.1}{predict\137partitioning\137schmitt}{}% 107
\BOOKMARK [1][-]{Rfn.propagate.Rul.invitrouv.Rul.1comp.1}{propagate\137invitrouv\1371comp}{}% 108
\BOOKMARK [1][-]{Rfn.propagate.Rul.invitrouv.Rul.3comp.1}{propagate\137invitrouv\1373comp}{}% 109
\BOOKMARK [1][-]{Rfn.propagate.Rul.invitrouv.Rul.pbtk.1}{propagate\137invitrouv\137pbtk}{}% 110
\BOOKMARK [1][-]{Rfn.reset.Rul.httk.1}{reset\137httk}{}% 111
\BOOKMARK [1][-]{Rfn.rfun.1}{rfun}{}% 112
\BOOKMARK [1][-]{Rfn.r.Rul.left.Rul.censored.Rul.norm.1}{r\137left\137censored\137norm}{}% 113
\BOOKMARK [1][-]{Rfn.scale.Rul.dosing.1}{scale\137dosing}{}% 114
\BOOKMARK [1][-]{Rfn.set.Rul.httk.Rul.precision.1}{set\137httk\137precision}{}% 115
\BOOKMARK [1][-]{Rfn.sipes2017.1}{sipes2017}{}% 116
\BOOKMARK [1][-]{Rfn.skeletal.Rul.muscle.Rul.mass.1}{skeletal\137muscle\137mass}{}% 117
\BOOKMARK [1][-]{Rfn.skeletal.Rul.muscle.Rul.mass.Rul.children.1}{skeletal\137muscle\137mass\137children}{}% 118
\BOOKMARK [1][-]{Rfn.skin.Rul.mass.Rul.bosgra.1}{skin\137mass\137bosgra}{}% 119
\BOOKMARK [1][-]{Rfn.solve.Rul.1comp.1}{solve\1371comp}{}% 120
\BOOKMARK [1][-]{Rfn.solve.Rul.3comp.1}{solve\1373comp}{}% 121
\BOOKMARK [1][-]{Rfn.solve.Rul.gas.Rul.pbtk.1}{solve\137gas\137pbtk}{}% 122
\BOOKMARK [1][-]{Rfn.solve.Rul.model.1}{solve\137model}{}% 123
\BOOKMARK [1][-]{Rfn.solve.Rul.pbtk.1}{solve\137pbtk}{}% 124
\BOOKMARK [1][-]{Rfn.spleen.Rul.mass.Rul.children.1}{spleen\137mass\137children}{}% 125
\BOOKMARK [1][-]{Rfn.spline.Rul.heightweight.1}{spline\137heightweight}{}% 126
\BOOKMARK [1][-]{Rfn.spline.Rul.hematocrit.1}{spline\137hematocrit}{}% 127
\BOOKMARK [1][-]{Rfn.spline.Rul.serumcreat.1}{spline\137serumcreat}{}% 128
\BOOKMARK [1][-]{Rfn.supptab1.Rul.Linakis2020.1}{supptab1\137Linakis2020}{}% 129
\BOOKMARK [1][-]{Rfn.supptab2.Rul.Linakis2020.1}{supptab2\137Linakis2020}{}% 130
\BOOKMARK [1][-]{Rfn.Tables.Rdata.stamp.1}{Tables.Rdata.stamp}{}% 131
\BOOKMARK [1][-]{Rfn.tissue.data.1}{tissue.data}{}% 132
\BOOKMARK [1][-]{Rfn.tissue.Rul.masses.Rul.flows.1}{tissue\137masses\137flows}{}% 133
\BOOKMARK [1][-]{Rfn.tissue.Rul.scale.1}{tissue\137scale}{}% 134
\BOOKMARK [1][-]{Rfn.wambaugh2019.1}{wambaugh2019}{}% 135
\BOOKMARK [1][-]{Rfn.wambaugh2019.nhanes.1}{wambaugh2019.nhanes}{}% 136
\BOOKMARK [1][-]{Rfn.wambaugh2019.raw.1}{wambaugh2019.raw}{}% 137
\BOOKMARK [1][-]{Rfn.wambaugh2019.seem3.1}{wambaugh2019.seem3}{}% 138
\BOOKMARK [1][-]{Rfn.wambaugh2019.tox21.1}{wambaugh2019.tox21}{}% 139
\BOOKMARK [1][-]{Rfn.well.Rul.param.1}{well\137param}{}% 140
\BOOKMARK [1][-]{Rfn.Wetmore.data.1}{Wetmore.data}{}% 141
\BOOKMARK [1][-]{Rfn.Wetmore2012.1}{Wetmore2012}{}% 142
\BOOKMARK [1][-]{Rfn.wfl.1}{wfl}{}% 143
\BOOKMARK [0][-]{index.0}{Index}{}% 144
